2021-01-19 15:12:38.180 INFO  com.yqq.config.bootstrap.ConfigApplication.logStartupProfileInfo():652 - The following profiles are active: native
2021-01-19 15:12:39.812 INFO  org.springframework.cloud.context.scope.GenericScope.setSerializationId():295 - BeanFactory id=ff133b0d-913b-31ac-847c-7dac4da69d5e
2021-01-19 15:12:40.036 WARN  io.undertow.websockets.jsr.handleDeployment():68 - UT026010: Buffer pool was not set on WebSocketDeploymentInfo, the default pool will be used
2021-01-19 15:12:40.068 INFO  io.undertow.servlet.log():364 - Initializing Spring embedded WebApplicationContext
2021-01-19 15:12:40.069 INFO  org.springframework.web.context.ContextLoader.prepareWebApplicationContext():284 - Root WebApplicationContext: initialization completed in 1838 ms
2021-01-19 15:12:40.762 INFO  org.springframework.scheduling.concurrent.ThreadPoolTaskExecutor.initialize():171 - Initializing ExecutorService 'applicationTaskExecutor'
2021-01-19 15:12:42.107 INFO  org.springframework.boot.actuate.endpoint.web.EndpointLinksResolver.<init>():58 - Exposing 2 endpoint(s) beneath base path '/actuator'
2021-01-19 15:12:42.223 INFO  io.undertow.start():117 - starting server: Undertow - 2.0.27.Final
2021-01-19 15:12:42.233 INFO  org.xnio.<clinit>():104 - XNIO version 3.3.8.Final
2021-01-19 15:12:42.250 INFO  org.xnio.nio.<clinit>():55 - XNIO NIO Implementation Version 3.3.8.Final
2021-01-19 15:12:42.320 INFO  org.springframework.boot.web.embedded.undertow.UndertowServletWebServer.start():144 - Undertow started on port(s) 8888 (http) with context path ''
2021-01-19 15:12:43.058 INFO  com.yqq.config.bootstrap.ConfigApplication.logStarted():59 - Started ConfigApplication in 7.867 seconds (JVM running for 15.379)
2021-01-19 15:12:43.060 INFO  com.yqq.config.bootstrap.ConfigApplication.main():24 - start config server application success
2021-01-19 15:12:43.376 INFO  io.undertow.servlet.log():364 - Initializing Spring DispatcherServlet 'dispatcherServlet'
2021-01-19 15:12:43.377 INFO  org.springframework.web.servlet.DispatcherServlet.initServletBean():525 - Initializing Servlet 'dispatcherServlet'
2021-01-19 15:12:43.384 INFO  org.springframework.web.servlet.DispatcherServlet.initServletBean():547 - Completed initialization in 7 ms
2021-01-19 15:13:15.568 INFO  org.springframework.cloud.config.server.environment.NativeEnvironmentRepository.clean():266 - Adding property source: file:///G:/cdyqq/code/sourcecode/config/server/application-dev.yml
2021-01-19 15:13:26.998 INFO  org.springframework.cloud.config.server.environment.NativeEnvironmentRepository.clean():266 - Adding property source: file:///G:/cdyqq/code/sourcecode/config/server/application-dev.yml
2021-01-19 15:14:04.358 INFO  org.springframework.cloud.config.server.environment.NativeEnvironmentRepository.clean():266 - Adding property source: file:///G:/cdyqq/code/sourcecode/config/auth/application-dev.yml
2021-01-19 15:14:20.208 INFO  org.springframework.cloud.config.server.environment.NativeEnvironmentRepository.clean():266 - Adding property source: file:///G:/cdyqq/code/sourcecode/config/auth/application-dev.yml
2021-01-19 15:14:53.480 INFO  org.springframework.cloud.config.server.environment.NativeEnvironmentRepository.clean():266 - Adding property source: file:///G:/cdyqq/code/sourcecode/config/gateway/application-dev.yml
2021-01-19 15:15:06.610 INFO  org.springframework.cloud.config.server.environment.NativeEnvironmentRepository.clean():266 - Adding property source: file:///G:/cdyqq/code/sourcecode/config/gateway/application-dev.yml
2021-01-19 15:16:12.773 INFO  org.springframework.cloud.config.server.environment.NativeEnvironmentRepository.clean():266 - Adding property source: file:///G:/cdyqq/code/sourcecode/config/third/application-dev.yml
2021-01-19 15:17:17.023 INFO  org.springframework.cloud.config.server.environment.NativeEnvironmentRepository.clean():266 - Adding property source: file:///G:/cdyqq/code/sourcecode/config/third/application-dev.yml
2021-01-19 15:21:22.466 INFO  org.springframework.cloud.config.server.environment.NativeEnvironmentRepository.clean():266 - Adding property source: file:///G:/cdyqq/code/sourcecode/config/third/application-dev.yml
2021-01-19 15:37:22.996 INFO  org.springframework.scheduling.concurrent.ThreadPoolTaskExecutor.shutdown():208 - Shutting down ExecutorService 'applicationTaskExecutor'
2021-01-19 15:37:23.070 INFO  io.undertow.servlet.log():364 - Destroying Spring FrameworkServlet 'dispatcherServlet'
2021-01-19 15:37:23.076 INFO  io.undertow.stop():252 - stopping server: Undertow - 2.0.27.Final
2021-01-19 15:43:34.769 INFO  com.yqq.config.bootstrap.ConfigApplication.logStartupProfileInfo():652 - The following profiles are active: native
2021-01-19 15:43:36.079 INFO  org.springframework.cloud.context.scope.GenericScope.setSerializationId():295 - BeanFactory id=ff133b0d-913b-31ac-847c-7dac4da69d5e
2021-01-19 15:43:36.305 WARN  io.undertow.websockets.jsr.handleDeployment():68 - UT026010: Buffer pool was not set on WebSocketDeploymentInfo, the default pool will be used
2021-01-19 15:43:36.344 INFO  io.undertow.servlet.log():364 - Initializing Spring embedded WebApplicationContext
2021-01-19 15:43:36.344 INFO  org.springframework.web.context.ContextLoader.prepareWebApplicationContext():284 - Root WebApplicationContext: initialization completed in 1554 ms
2021-01-19 15:43:36.948 INFO  org.springframework.scheduling.concurrent.ThreadPoolTaskExecutor.initialize():171 - Initializing ExecutorService 'applicationTaskExecutor'
2021-01-19 15:43:38.504 INFO  org.springframework.boot.actuate.endpoint.web.EndpointLinksResolver.<init>():58 - Exposing 2 endpoint(s) beneath base path '/actuator'
2021-01-19 15:43:38.610 INFO  io.undertow.start():117 - starting server: Undertow - 2.0.27.Final
2021-01-19 15:43:38.622 INFO  org.xnio.<clinit>():104 - XNIO version 3.3.8.Final
2021-01-19 15:43:38.639 INFO  org.xnio.nio.<clinit>():55 - XNIO NIO Implementation Version 3.3.8.Final
2021-01-19 15:43:38.702 INFO  org.springframework.boot.web.embedded.undertow.UndertowServletWebServer.start():144 - Undertow started on port(s) 8888 (http) with context path ''
2021-01-19 15:43:39.516 INFO  com.yqq.config.bootstrap.ConfigApplication.logStarted():59 - Started ConfigApplication in 7.217 seconds (JVM running for 11.632)
2021-01-19 15:43:39.517 INFO  com.yqq.config.bootstrap.ConfigApplication.main():24 - start config server application success
2021-01-19 15:43:39.927 INFO  io.undertow.servlet.log():364 - Initializing Spring DispatcherServlet 'dispatcherServlet'
2021-01-19 15:43:39.927 INFO  org.springframework.web.servlet.DispatcherServlet.initServletBean():525 - Initializing Servlet 'dispatcherServlet'
2021-01-19 15:43:39.942 INFO  org.springframework.web.servlet.DispatcherServlet.initServletBean():547 - Completed initialization in 14 ms
2021-01-19 15:44:12.439 INFO  org.springframework.cloud.config.server.environment.NativeEnvironmentRepository.clean():266 - Adding property source: file:///G:/cdyqq/code/sourcecode/config/server/application-dev.yml
2021-01-19 15:44:21.978 INFO  org.springframework.cloud.config.server.environment.NativeEnvironmentRepository.clean():266 - Adding property source: file:///G:/cdyqq/code/sourcecode/config/server/application-dev.yml
2021-01-19 15:44:41.952 INFO  org.springframework.cloud.config.server.environment.NativeEnvironmentRepository.clean():266 - Adding property source: file:///G:/cdyqq/code/sourcecode/config/auth/application-dev.yml
2021-01-19 15:44:57.440 INFO  org.springframework.cloud.config.server.environment.NativeEnvironmentRepository.clean():266 - Adding property source: file:///G:/cdyqq/code/sourcecode/config/auth/application-dev.yml
2021-01-19 15:45:13.938 INFO  org.springframework.cloud.config.server.environment.NativeEnvironmentRepository.clean():266 - Adding property source: file:///G:/cdyqq/code/sourcecode/config/gateway/application-dev.yml
2021-01-19 15:45:28.408 INFO  org.springframework.cloud.config.server.environment.NativeEnvironmentRepository.clean():266 - Adding property source: file:///G:/cdyqq/code/sourcecode/config/gateway/application-dev.yml
2021-01-19 15:45:56.754 INFO  org.springframework.cloud.config.server.environment.NativeEnvironmentRepository.clean():266 - Adding property source: file:///G:/cdyqq/code/sourcecode/config/third/application-dev.yml
2021-01-19 15:51:12.042 INFO  org.springframework.cloud.config.server.environment.NativeEnvironmentRepository.clean():266 - Adding property source: file:///G:/cdyqq/code/sourcecode/config/third/application-dev.yml
2021-01-19 15:55:07.361 INFO  org.springframework.cloud.config.server.environment.NativeEnvironmentRepository.clean():266 - Adding property source: file:///G:/cdyqq/code/sourcecode/config/third/application-dev.yml
2021-01-19 15:56:51.482 INFO  org.springframework.scheduling.concurrent.ThreadPoolTaskExecutor.shutdown():208 - Shutting down ExecutorService 'applicationTaskExecutor'
2021-01-19 15:56:51.532 INFO  io.undertow.servlet.log():364 - Destroying Spring FrameworkServlet 'dispatcherServlet'
2021-01-19 15:56:51.540 INFO  io.undertow.stop():252 - stopping server: Undertow - 2.0.27.Final
2021-01-19 16:06:40.391 INFO  com.yqq.config.bootstrap.ConfigApplication.logStartupProfileInfo():652 - The following profiles are active: native
2021-01-19 16:06:41.943 INFO  org.springframework.cloud.context.scope.GenericScope.setSerializationId():295 - BeanFactory id=ff133b0d-913b-31ac-847c-7dac4da69d5e
2021-01-19 16:06:42.177 WARN  io.undertow.websockets.jsr.handleDeployment():68 - UT026010: Buffer pool was not set on WebSocketDeploymentInfo, the default pool will be used
2021-01-19 16:06:42.212 INFO  io.undertow.servlet.log():364 - Initializing Spring embedded WebApplicationContext
2021-01-19 16:06:42.212 INFO  org.springframework.web.context.ContextLoader.prepareWebApplicationContext():284 - Root WebApplicationContext: initialization completed in 1778 ms
2021-01-19 16:06:42.813 INFO  org.springframework.scheduling.concurrent.ThreadPoolTaskExecutor.initialize():171 - Initializing ExecutorService 'applicationTaskExecutor'
2021-01-19 16:06:44.158 INFO  org.springframework.boot.actuate.endpoint.web.EndpointLinksResolver.<init>():58 - Exposing 2 endpoint(s) beneath base path '/actuator'
2021-01-19 16:06:44.277 INFO  io.undertow.start():117 - starting server: Undertow - 2.0.27.Final
2021-01-19 16:06:44.287 INFO  org.xnio.<clinit>():104 - XNIO version 3.3.8.Final
2021-01-19 16:06:44.303 INFO  org.xnio.nio.<clinit>():55 - XNIO NIO Implementation Version 3.3.8.Final
2021-01-19 16:06:44.371 INFO  org.springframework.boot.web.embedded.undertow.UndertowServletWebServer.start():144 - Undertow started on port(s) 8888 (http) with context path ''
2021-01-19 16:06:45.075 INFO  com.yqq.config.bootstrap.ConfigApplication.logStarted():59 - Started ConfigApplication in 9.206 seconds (JVM running for 19.672)
2021-01-19 16:06:45.076 INFO  com.yqq.config.bootstrap.ConfigApplication.main():24 - start config server application success
2021-01-19 16:06:46.492 INFO  io.undertow.servlet.log():364 - Initializing Spring DispatcherServlet 'dispatcherServlet'
2021-01-19 16:06:46.492 INFO  org.springframework.web.servlet.DispatcherServlet.initServletBean():525 - Initializing Servlet 'dispatcherServlet'
2021-01-19 16:06:46.500 INFO  org.springframework.web.servlet.DispatcherServlet.initServletBean():547 - Completed initialization in 7 ms
2021-01-19 16:07:05.457 INFO  org.springframework.cloud.config.server.environment.NativeEnvironmentRepository.clean():266 - Adding property source: file:///G:/cdyqq/code/sourcecode/config/server/application-dev.yml
2021-01-19 16:07:16.488 INFO  org.springframework.cloud.config.server.environment.NativeEnvironmentRepository.clean():266 - Adding property source: file:///G:/cdyqq/code/sourcecode/config/server/application-dev.yml
2021-01-19 16:12:20.071 INFO  org.springframework.scheduling.concurrent.ThreadPoolTaskExecutor.shutdown():208 - Shutting down ExecutorService 'applicationTaskExecutor'
2021-01-19 16:12:20.076 INFO  io.undertow.servlet.log():364 - Destroying Spring FrameworkServlet 'dispatcherServlet'
2021-01-19 16:12:20.077 INFO  io.undertow.stop():252 - stopping server: Undertow - 2.0.27.Final
2021-01-19 16:41:39.000 INFO  com.yqq.config.bootstrap.ConfigApplication.logStartupProfileInfo():652 - The following profiles are active: native
2021-01-19 16:41:40.820 INFO  org.springframework.cloud.context.scope.GenericScope.setSerializationId():295 - BeanFactory id=ff133b0d-913b-31ac-847c-7dac4da69d5e
2021-01-19 16:41:41.249 WARN  io.undertow.websockets.jsr.handleDeployment():68 - UT026010: Buffer pool was not set on WebSocketDeploymentInfo, the default pool will be used
2021-01-19 16:41:41.308 INFO  io.undertow.servlet.log():364 - Initializing Spring embedded WebApplicationContext
2021-01-19 16:41:41.309 INFO  org.springframework.web.context.ContextLoader.prepareWebApplicationContext():284 - Root WebApplicationContext: initialization completed in 2265 ms
2021-01-19 16:41:42.224 INFO  org.springframework.scheduling.concurrent.ThreadPoolTaskExecutor.initialize():171 - Initializing ExecutorService 'applicationTaskExecutor'
2021-01-19 16:41:43.748 INFO  org.springframework.boot.actuate.endpoint.web.EndpointLinksResolver.<init>():58 - Exposing 2 endpoint(s) beneath base path '/actuator'
2021-01-19 16:41:43.938 INFO  io.undertow.start():117 - starting server: Undertow - 2.0.27.Final
2021-01-19 16:41:43.959 INFO  org.xnio.<clinit>():104 - XNIO version 3.3.8.Final
2021-01-19 16:41:43.980 INFO  org.xnio.nio.<clinit>():55 - XNIO NIO Implementation Version 3.3.8.Final
2021-01-19 16:41:44.118 INFO  org.springframework.boot.web.embedded.undertow.UndertowServletWebServer.start():144 - Undertow started on port(s) 8888 (http) with context path ''
2021-01-19 16:41:44.900 INFO  com.yqq.config.bootstrap.ConfigApplication.logStarted():59 - Started ConfigApplication in 8.665 seconds (JVM running for 14.082)
2021-01-19 16:41:44.902 INFO  com.yqq.config.bootstrap.ConfigApplication.main():24 - start config server application success
2021-01-19 16:41:45.592 INFO  io.undertow.servlet.log():364 - Initializing Spring DispatcherServlet 'dispatcherServlet'
2021-01-19 16:41:45.592 INFO  org.springframework.web.servlet.DispatcherServlet.initServletBean():525 - Initializing Servlet 'dispatcherServlet'
2021-01-19 16:41:45.604 INFO  org.springframework.web.servlet.DispatcherServlet.initServletBean():547 - Completed initialization in 11 ms
2021-01-19 16:43:00.326 INFO  org.springframework.cloud.config.server.environment.NativeEnvironmentRepository.clean():266 - Adding property source: file:///G:/cdyqq/code/sourcecode/config/server/application-dev.yml
2021-01-19 16:43:17.563 INFO  org.springframework.cloud.config.server.environment.NativeEnvironmentRepository.clean():266 - Adding property source: file:///G:/cdyqq/code/sourcecode/config/server/application-dev.yml
2021-01-19 16:46:42.845 INFO  org.springframework.cloud.config.server.environment.NativeEnvironmentRepository.clean():266 - Adding property source: file:///G:/cdyqq/code/sourcecode/config/auth/application-dev.yml
2021-01-19 16:47:02.079 INFO  org.springframework.cloud.config.server.environment.NativeEnvironmentRepository.clean():266 - Adding property source: file:///G:/cdyqq/code/sourcecode/config/auth/application-dev.yml
2021-01-19 16:51:14.937 INFO  org.springframework.cloud.config.server.environment.NativeEnvironmentRepository.clean():266 - Adding property source: file:///G:/cdyqq/code/sourcecode/config/third/application-dev.yml
2021-01-19 16:52:09.157 INFO  org.springframework.cloud.config.server.environment.NativeEnvironmentRepository.clean():266 - Adding property source: file:///G:/cdyqq/code/sourcecode/config/gateway/application-dev.yml
2021-01-19 16:52:26.015 INFO  org.springframework.cloud.config.server.environment.NativeEnvironmentRepository.clean():266 - Adding property source: file:///G:/cdyqq/code/sourcecode/config/gateway/application-dev.yml
2021-01-19 16:52:53.512 INFO  org.springframework.cloud.config.server.environment.NativeEnvironmentRepository.clean():266 - Adding property source: file:///G:/cdyqq/code/sourcecode/config/third/application-dev.yml
2021-01-19 17:16:54.191 INFO  org.springframework.cloud.config.server.environment.NativeEnvironmentRepository.clean():266 - Adding property source: file:///G:/cdyqq/code/sourcecode/config/third/application-dev.yml
